


ARM Macro Assembler    Page 1 


    1 00000000         ; gpio.s
    2 00000000         ; Desenvolvido para a placa EK-TM4C1294XL
    3 00000000         ; Prof. Guilherme Peron
    4 00000000         ; Ver 1 19/03/2018
    5 00000000         ; Ver 2 26/08/2018
    6 00000000         
    7 00000000         ; ------------------------------------------------------
                       -------------------------
    8 00000000                 THUMB                        ; Instruções do tip
                                                            o Thumb-2
    9 00000000         ; ------------------------------------------------------
                       -------------------------
   10 00000000         ; Declarações EQU - Defines
   11 00000000         ; ========================
   12 00000000         ; ========================
   13 00000000         ; Definições dos Registradores Gerais
   14 00000000 400FE608 
                       SYSCTL_RCGCGPIO_R
                               EQU              0x400FE608
   15 00000000 400FEA08 
                       SYSCTL_PRGPIO_R
                               EQU              0x400FEA08
   16 00000000         ; ========================
   17 00000000         ; Definições dos Ports
   18 00000000         ; PORT J
   19 00000000 40060520 
                       GPIO_PORTJ_AHB_LOCK_R
                               EQU              0x40060520
   20 00000000 40060524 
                       GPIO_PORTJ_AHB_CR_R
                               EQU              0x40060524
   21 00000000 40060528 
                       GPIO_PORTJ_AHB_AMSEL_R
                               EQU              0x40060528
   22 00000000 4006052C 
                       GPIO_PORTJ_AHB_PCTL_R
                               EQU              0x4006052C
   23 00000000 40060400 
                       GPIO_PORTJ_AHB_DIR_R
                               EQU              0x40060400
   24 00000000 40060420 
                       GPIO_PORTJ_AHB_AFSEL_R
                               EQU              0x40060420
   25 00000000 4006051C 
                       GPIO_PORTJ_AHB_DEN_R
                               EQU              0x4006051C
   26 00000000 40060510 
                       GPIO_PORTJ_AHB_PUR_R
                               EQU              0x40060510
   27 00000000 400603FC 
                       GPIO_PORTJ_AHB_DATA_R
                               EQU              0x400603FC
   28 00000000 00000100 
                       GPIO_PORTJ
                               EQU              2_000000100000000
   29 00000000         
   30 00000000         ; PORT Q
   31 00000000 40066520 
                       GPIO_PORTQ_LOCK_R



ARM Macro Assembler    Page 2 


                               EQU              0x40066520
   32 00000000 40066524 
                       GPIO_PORTQ_CR_R
                               EQU              0x40066524
   33 00000000 40066528 
                       GPIO_PORTQ_AMSEL_R
                               EQU              0x40066528
   34 00000000 4006652C 
                       GPIO_PORTQ_PCTL_R
                               EQU              0x4006652C
   35 00000000 40066400 
                       GPIO_PORTQ_DIR_R
                               EQU              0x40066400
   36 00000000 40066420 
                       GPIO_PORTQ_AFSEL_R
                               EQU              0x40066420
   37 00000000 4006651C 
                       GPIO_PORTQ_DEN_R
                               EQU              0x4006651C
   38 00000000 40066510 
                       GPIO_PORTQ_PUR_R
                               EQU              0x40066510
   39 00000000 400663FC 
                       GPIO_PORTQ_DATA_R
                               EQU              0x400663FC
   40 00000000 00004000 
                       GPIO_PORTQ
                               EQU              2_100000000000000
   41 00000000         
   42 00000000         ; PORT B
   43 00000000 40059520 
                       GPIO_PORTB_AHB_LOCK_R
                               EQU              0x40059520
   44 00000000 40059524 
                       GPIO_PORTB_AHB_CR_R
                               EQU              0x40059524
   45 00000000 40059528 
                       GPIO_PORTB_AHB_AMSEL_R
                               EQU              0x40059528
   46 00000000 4005952C 
                       GPIO_PORTB_AHB_PCTL_R
                               EQU              0x4005952C
   47 00000000 40059400 
                       GPIO_PORTB_AHB_DIR_R
                               EQU              0x40059400
   48 00000000 40059420 
                       GPIO_PORTB_AHB_AFSEL_R
                               EQU              0x40059420
   49 00000000 4005951C 
                       GPIO_PORTB_AHB_DEN_R
                               EQU              0x4005951C
   50 00000000 40059510 
                       GPIO_PORTB_AHB_PUR_R
                               EQU              0x40059510
   51 00000000 400593FC 
                       GPIO_PORTB_AHB_DATA_R
                               EQU              0x400593FC
   52 00000000 40059000 
                       GPIO_PORTB_AHB_DATA_BITS_R



ARM Macro Assembler    Page 3 


                               EQU              0x40059000
   53 00000000 00000002 
                       GPIO_PORTB
                               EQU              2_000000000000010 
                                                            ; SYSCTL_PPGPIO_P1
   54 00000000         
   55 00000000         ; ------------------------------------------------------
                       -------------------------
   56 00000000         ; Área de Código - Tudo abaixo da diretiva a seguir será
                        armazenado na memória de 
   57 00000000         ;                  código
   58 00000000                 AREA             |.text|, CODE, READONLY, ALIGN=
2
   59 00000000         
   60 00000000         ; Se alguma função do arquivo for chamada em outro arqui
                       vo 
   61 00000000                 EXPORT           GPIO_Init   ; Permite chamar GP
                                                            IO_Init de outro ar
                                                            quivo
   62 00000000                 EXPORT           PortQ_Output ; Permite chamar P
                                                            ortQ_Output de outr
                                                            o arquivo
   63 00000000                 EXPORT           PortB_Output ; Permite chamar P
                                                            ortB_Output de outr
                                                            o arquivo
   64 00000000                 EXPORT           PortJ_Input ; Permite chamar Po
                                                            rtJ_Input de outro 
                                                            arquivo
   65 00000000         
   66 00000000         
   67 00000000         ;-------------------------------------------------------
                       -------------------------
   68 00000000         ; Função GPIO_Init
   69 00000000         ; Parâmetro de entrada: Não tem
   70 00000000         ; Parâmetro de saída: Não tem
   71 00000000         GPIO_Init
   72 00000000         ;=====================
   73 00000000         ; ****************************************
   74 00000000         ; Escrever função de inicialização dos GPIO
   75 00000000         ; Inicializar as portas J e N
   76 00000000         ; ****************************************
   77 00000000 482C            LDR              R0, =SYSCTL_RCGCGPIO_R ;Carrega
                                                             o endereço do regi
                                                            strador RCGCGPIO
   78 00000002 F44F 4180       MOV              R1, #GPIO_PORTQ ;Seta o bit da 
                                                            porta Q
   79 00000006 F441 7180       ORR              R1, #GPIO_PORTJ ;Seta o bit da 
                                                            porta J, fazendo co
                                                            m OR
   80 0000000A F041 0102       ORR              R1, #GPIO_PORTB ;Seta o bit da 
                                                            porta B, fazendo co
                                                            m OR
   81 0000000E 6001            STR              R1, [R0]    ;Move para a memóri
                                                            a os bits das porta
                                                            s no endereço do RC
                                                            GCGPIO
   82 00000010         
   83 00000010 4829            LDR              R0, =SYSCTL_PRGPIO_R ;Carrega o
                                                             endereço do PRGPIO



ARM Macro Assembler    Page 4 


                                                             para esperar os GP
                                                            IO ficarem prontos
   84 00000012 6801    EsperaGPIO
                               LDR              R1, [R0]    ;Lê da memória o co
                                                            nteúdo do endereço 
                                                            do registrador
   85 00000014 F44F 4280       MOV              R2, #GPIO_PORTQ ;Seta os bits c
                                                            orrespondentes às p
                                                            ortas para fazer a 
                                                            comparação
   86 00000018 F442 7280       ORR              R2, #GPIO_PORTJ ;Seta o bit da 
                                                            porta J, fazendo co
                                                            m OR
   87 0000001C F042 0202       ORR              R2, #GPIO_PORTB ;Seta o bit da 
                                                            porta B, fazendo co
                                                            m OR
   88 00000020 4211            TST              R1, R2      ;ANDS de R1 com R2
   89 00000022 D0F6            BEQ              EsperaGPIO  ;Se o flag Z=1, vol
                                                            ta para o laço. Sen
                                                            ão continua executa
                                                            ndo
   90 00000024         
   91 00000024         ; 2. Limpar o AMSEL para desabilitar a analógica
   92 00000024 F04F 0100       MOV              R1, #0x00   ;Colocar 0 no regis
                                                            trador para desabil
                                                            itar a função analó
                                                            gica
   93 00000028 4824            LDR              R0, =GPIO_PORTJ_AHB_AMSEL_R ;Ca
                                                            rrega o R0 com o en
                                                            dereço do AMSEL par
                                                            a a porta J
   94 0000002A 6001            STR              R1, [R0]    ;Guarda no registra
                                                            dor AMSEL da porta 
                                                            J da memória
   95 0000002C         
   96 0000002C 4824            LDR              R0, =GPIO_PORTQ_AMSEL_R ;Carreg
                                                            a o R0 com o endere
                                                            ço do AMSEL para a 
                                                            porta Q
   97 0000002E 6001            STR              R1, [R0]    ;Guarda no registra
                                                            dor AMSEL da porta 
                                                            Q da memória
   98 00000030         
   99 00000030 4824            LDR              R0, =GPIO_PORTB_AHB_AMSEL_R ;Ca
                                                            rrega o R0 com o en
                                                            dereço do AMSEL par
                                                            a a porta B
  100 00000032 6001            STR              R1, [R0]    ;Guarda no registra
                                                            dor AMSEL da porta 
                                                            B da memória
  101 00000034         
  102 00000034         ; 3. Limpar PCTL para selecionar o GPIO
  103 00000034 F04F 0100       MOV              R1, #0x00   ;Colocar 0 no regis
                                                            trador para selecio
                                                            nar o modo GPIO
  104 00000038 4823            LDR              R0, =GPIO_PORTJ_AHB_PCTL_R ;Car
                                                            rega o R0 com o end
                                                            ereço do PCTL para 
                                                            a porta J



ARM Macro Assembler    Page 5 


  105 0000003A 6001            STR              R1, [R0]    ;Guarda no registra
                                                            dor PCTL da porta J
                                                             da memória
  106 0000003C         
  107 0000003C 4823            LDR              R0, =GPIO_PORTQ_PCTL_R ;Carrega
                                                             o R0 com o endereç
                                                            o do PCTL para a po
                                                            rta Q
  108 0000003E 6001            STR              R1, [R0]    ;Guarda no registra
                                                            dor PCTL da porta Q
                                                             da memória
  109 00000040         
  110 00000040 4823            LDR              R0, =GPIO_PORTB_AHB_PCTL_R ;Car
                                                            rega o R0 com o end
                                                            ereço do PCTL para 
                                                            a porta B
  111 00000042 6001            STR              R1, [R0]    ;Guarda no registra
                                                            dor PCTL da porta B
                                                             da memória
  112 00000044         ; 4. DIR para 0 se for entrada, 1 se for saída
  113 00000044 4823            LDR              R0, =GPIO_PORTQ_DIR_R ; Carrega
                                                             o R0 com o endereç
                                                            o do DIR para a por
                                                            ta Q
  114 00000046 F04F 0101       MOV              R1, #2_00000001 ; PQ0
  115 0000004A 6001            STR              R1, [R0]    ;Guarda no registra
                                                            dor
  116 0000004C         ; O certo era verificar os outros bits da PF para não tr
                       ansformar entradas em saídas desnecessárias
  117 0000004C 4822            LDR              R0, =GPIO_PORTJ_AHB_DIR_R ;Carr
                                                            ega o R0 com o ende
                                                            reço do DIR para a 
                                                            porta J
  118 0000004E F04F 0100       MOV              R1, #0x00   ;Colocar 0 no regis
                                                            trador DIR para fun
                                                            cionar com saída
  119 00000052 6001            STR              R1, [R0]    ;Guarda no registra
                                                            dor PCTL da porta J
                                                             da memória
  120 00000054         
  121 00000054 4821            LDR              R0, =GPIO_PORTB_AHB_DIR_R ;Carr
                                                            ega o R0 com o ende
                                                            reço do DIR para a 
                                                            porta B
  122 00000056 F04F 0130       MOV              R1, #2_00110000 ;PB4 e PB3
  123 0000005A 6001            STR              R1, [R0]    ;Guarda no registra
                                                            dor
  124 0000005C         ; 5. Limpar os bits AFSEL para 0 para selecionar GPIO 
  125 0000005C         ;    Sem função alternativa
  126 0000005C F04F 0100       MOV              R1, #0x00   ;Colocar o valor 0 
                                                            para não setar funç
                                                            ão alternativa
  127 00000060 481F            LDR              R0, =GPIO_PORTQ_AFSEL_R ;Carreg
                                                            a o endereço do AFS
                                                            EL da porta Q
  128 00000062 6001            STR              R1, [R0]    ;Escreve na porta
  129 00000064         
  130 00000064 481F            LDR              R0, =GPIO_PORTJ_AHB_AFSEL_R ;Ca
                                                            rrega o endereço do



ARM Macro Assembler    Page 6 


                                                             AFSEL da porta J
  131 00000066 6001            STR              R1, [R0]    ;Escreve na porta
  132 00000068         
  133 00000068 481F            LDR              R0, =GPIO_PORTB_AHB_AFSEL_R ;Ca
                                                            rrega o endereço do
                                                             AFSEL da porta B
  134 0000006A 6001            STR              R1, [R0]    ;Escreve na porta
  135 0000006C         ; 6. Setar os bits de DEN para habilitar I/O digital
  136 0000006C 481F            LDR              R0, =GPIO_PORTQ_DEN_R ;Carrega 
                                                            o endereço do DEN
  137 0000006E F04F 0101       MOV              R1, #2_00000001 ;Ativa os pinos
                                                             PQ0 como I/O Digit
                                                            al
  138 00000072 6001            STR              R1, [R0]    ;Escreve no registr
                                                            ador da memória fun
                                                            cionalidade digital
                                                             
  139 00000074         
  140 00000074 481E            LDR              R0, =GPIO_PORTJ_AHB_DEN_R ;Carr
                                                            ega o endereço do D
                                                            EN
  141 00000076 F04F 0101       MOV              R1, #2_00000001 ;Ativa os pinos
                                                             PJ0  como I/O Digi
                                                            tal      
  142 0000007A 6001            STR              R1, [R0]    ;Escreve no registr
                                                            ador da memória fun
                                                            cionalidade digital
                                                            
  143 0000007C         
  144 0000007C 481D            LDR              R0, =GPIO_PORTB_AHB_DEN_R ;Carr
                                                            ega o endereço do D
                                                            EN
  145 0000007E F04F 0130       MOV              R1, #2_00110000 ;Setar os pinos
                                                             PB3 e PB4
  146 00000082 6001            STR              R1, [R0]    ;Escreve no registr
                                                            ador da memória fun
                                                            cionalidade digital
                                                             
  147 00000084         
  148 00000084         ; 7. Para habilitar resistor de pull-up interno, setar P
                       UR para 1
  149 00000084 481C            LDR              R0, =GPIO_PORTJ_AHB_PUR_R ;Carr
                                                            ega o endereço do P
                                                            UR para a porta J
  150 00000086 F04F 0103       MOV              R1, #2_00000011 ;Habilitar func
                                                            ionalidade digital 
                                                            de resistor de pull
                                                            -up 
  151 0000008A         ;nos bits 0 e 1
  152 0000008A 6001            STR              R1, [R0]    ;Escreve no registr
                                                            ador da memória do 
                                                            resistor de pull-up
                                                            
  153 0000008C         
  154 0000008C         ;retorno            
  155 0000008C         
  156 0000008C 4770            BX               LR
  157 0000008E         
  158 0000008E         ; ------------------------------------------------------



ARM Macro Assembler    Page 7 


                       -------------------------
  159 0000008E         ; Função PortN_Output
  160 0000008E         ; Parâmetro de entrada: 
  161 0000008E         ; Parâmetro de saída: Não tem
  162 0000008E         PortQ_Output
  163 0000008E         ; ****************************************
  164 0000008E         ; Escrever função que acende ou apaga o LED
  165 0000008E         ; ****************************************
  166 0000008E 491B            LDR              R1, =GPIO_PORTQ_DATA_R ;Carrega
                                                             o valor do offset 
                                                            do data register
  167 00000090         ;Read-Modify-Write para escrita
  168 00000090 680A            LDR              R2, [R1]
  169 00000092 F022 0201       BIC              R2, #2_00000001 ;Limpar bits li
                                                            dos da porta 111111
                                                            10
  170 00000096 EA40 0002       ORR              R0, R0, R2  ;Fazer o OR do lido
                                                             pela porta com o p
                                                            arâmetro de entrada
                                                            
  171 0000009A 6008            STR              R0, [R1]    ;Escreve na porta Q
                                                             o barramento de da
                                                            dos dos pinos N1
  172 0000009C 4770            BX               LR          ;Retorno
  173 0000009E         
  174 0000009E         PortB_Output
  175 0000009E         ; ****************************************
  176 0000009E         ; Escrever função que acende ou apaga o LED
  177 0000009E         ; ****************************************
  178 0000009E 4918            LDR              R1, =GPIO_PORTB_AHB_DATA_R ;Car
                                                            rega o valor do off
                                                            set do data registe
                                                            r
  179 000000A0         ;Read-Modify-Write para escrita
  180 000000A0 680A            LDR              R2, [R1]
  181 000000A2 F022 0230       BIC              R2, #2_00110000 ;Limpar bits li
                                                            dos da porta 110011
                                                            11
  182 000000A6 EA40 0002       ORR              R0, R0, R2  ;Fazer o OR do lido
                                                             pela porta com o p
                                                            arâmetro de entrada
                                                            
  183 000000AA 6008            STR              R0, [R1]    ;Escreve na porta B
                                                             o barramento de da
                                                            dos dos pinos N1
  184 000000AC 4770            BX               LR          ;Retorno
  185 000000AE         ; ------------------------------------------------------
                       -------------------------
  186 000000AE         ; Função PortJ_Input
  187 000000AE         ; Parâmetro de entrada: Não tem
  188 000000AE         ; Parâmetro de saída: R0 --> o valor da leitura
  189 000000AE         PortJ_Input
  190 000000AE         ; ****************************************
  191 000000AE         ; Escrever função que lê a chave e retorna 
  192 000000AE         ; um registrador se está ativada ou não
  193 000000AE         ; ****************************************
  194 000000AE 4915            LDR              R1, =GPIO_PORTJ_AHB_DATA_R ;Car
                                                            rega o valor do off
                                                            set do data registe



ARM Macro Assembler    Page 8 


                                                            r
  195 000000B0 6808            LDR              R0, [R1]    ;Lê no barramento d
                                                            e dados dos pinos [
                                                            J1-J0]
  196 000000B2 4770            BX               LR          ;Retorno
  197 000000B4         
  198 000000B4         
  199 000000B4         
  200 000000B4         
  201 000000B4                 ALIGN                        ; garante que o fim
                                                             da seção está alin
                                                            hada 
  202 000000B4                 END                          ; fim do arquivo
              400FE608 
              400FEA08 
              40060528 
              40066528 
              40059528 
              4006052C 
              4006652C 
              4005952C 
              40066400 
              40060400 
              40059400 
              40066420 
              40060420 
              40059420 
              4006651C 
              4006051C 
              4005951C 
              40060510 
              400663FC 
              400593FC 
              400603FC 
Command Line: --debug --xref --diag_suppress=9931 --cpu=Cortex-M4.fp.sp --apcs=
interwork --depend=.\objects\gpio.d -o.\objects\gpio.o -IC:\Users\suzib\AppData
\Local\Arm\Packs\Keil\TM4C_DFP\1.1.0\Device\Include\TM4C129 --predefine="__EVAL
 SETA 1" --predefine="__UVISION_VERSION SETA 536" --predefine="TM4C1294NCPDT SE
TA 1" --list=.\listings\gpio.lst gpio.s



ARM Macro Assembler    Page 1 Alphabetic symbol ordering
Relocatable symbols

.text 00000000

Symbol: .text
   Definitions
      At line 58 in file gpio.s
   Uses
      None
Comment: .text unused
EsperaGPIO 00000012

Symbol: EsperaGPIO
   Definitions
      At line 84 in file gpio.s
   Uses
      At line 89 in file gpio.s
Comment: EsperaGPIO used once
GPIO_Init 00000000

Symbol: GPIO_Init
   Definitions
      At line 71 in file gpio.s
   Uses
      At line 61 in file gpio.s
Comment: GPIO_Init used once
PortB_Output 0000009E

Symbol: PortB_Output
   Definitions
      At line 174 in file gpio.s
   Uses
      At line 63 in file gpio.s
Comment: PortB_Output used once
PortJ_Input 000000AE

Symbol: PortJ_Input
   Definitions
      At line 189 in file gpio.s
   Uses
      At line 64 in file gpio.s
Comment: PortJ_Input used once
PortQ_Output 0000008E

Symbol: PortQ_Output
   Definitions
      At line 162 in file gpio.s
   Uses
      At line 62 in file gpio.s
Comment: PortQ_Output used once
6 symbols



ARM Macro Assembler    Page 1 Alphabetic symbol ordering
Absolute symbols

GPIO_PORTB 00000002

Symbol: GPIO_PORTB
   Definitions
      At line 53 in file gpio.s
   Uses
      At line 80 in file gpio.s
      At line 87 in file gpio.s

GPIO_PORTB_AHB_AFSEL_R 40059420

Symbol: GPIO_PORTB_AHB_AFSEL_R
   Definitions
      At line 48 in file gpio.s
   Uses
      At line 133 in file gpio.s
Comment: GPIO_PORTB_AHB_AFSEL_R used once
GPIO_PORTB_AHB_AMSEL_R 40059528

Symbol: GPIO_PORTB_AHB_AMSEL_R
   Definitions
      At line 45 in file gpio.s
   Uses
      At line 99 in file gpio.s
Comment: GPIO_PORTB_AHB_AMSEL_R used once
GPIO_PORTB_AHB_CR_R 40059524

Symbol: GPIO_PORTB_AHB_CR_R
   Definitions
      At line 44 in file gpio.s
   Uses
      None
Comment: GPIO_PORTB_AHB_CR_R unused
GPIO_PORTB_AHB_DATA_BITS_R 40059000

Symbol: GPIO_PORTB_AHB_DATA_BITS_R
   Definitions
      At line 52 in file gpio.s
   Uses
      None
Comment: GPIO_PORTB_AHB_DATA_BITS_R unused
GPIO_PORTB_AHB_DATA_R 400593FC

Symbol: GPIO_PORTB_AHB_DATA_R
   Definitions
      At line 51 in file gpio.s
   Uses
      At line 178 in file gpio.s
Comment: GPIO_PORTB_AHB_DATA_R used once
GPIO_PORTB_AHB_DEN_R 4005951C

Symbol: GPIO_PORTB_AHB_DEN_R
   Definitions
      At line 49 in file gpio.s
   Uses
      At line 144 in file gpio.s
Comment: GPIO_PORTB_AHB_DEN_R used once
GPIO_PORTB_AHB_DIR_R 40059400




ARM Macro Assembler    Page 2 Alphabetic symbol ordering
Absolute symbols

Symbol: GPIO_PORTB_AHB_DIR_R
   Definitions
      At line 47 in file gpio.s
   Uses
      At line 121 in file gpio.s
Comment: GPIO_PORTB_AHB_DIR_R used once
GPIO_PORTB_AHB_LOCK_R 40059520

Symbol: GPIO_PORTB_AHB_LOCK_R
   Definitions
      At line 43 in file gpio.s
   Uses
      None
Comment: GPIO_PORTB_AHB_LOCK_R unused
GPIO_PORTB_AHB_PCTL_R 4005952C

Symbol: GPIO_PORTB_AHB_PCTL_R
   Definitions
      At line 46 in file gpio.s
   Uses
      At line 110 in file gpio.s
Comment: GPIO_PORTB_AHB_PCTL_R used once
GPIO_PORTB_AHB_PUR_R 40059510

Symbol: GPIO_PORTB_AHB_PUR_R
   Definitions
      At line 50 in file gpio.s
   Uses
      None
Comment: GPIO_PORTB_AHB_PUR_R unused
GPIO_PORTJ 00000100

Symbol: GPIO_PORTJ
   Definitions
      At line 28 in file gpio.s
   Uses
      At line 79 in file gpio.s
      At line 86 in file gpio.s

GPIO_PORTJ_AHB_AFSEL_R 40060420

Symbol: GPIO_PORTJ_AHB_AFSEL_R
   Definitions
      At line 24 in file gpio.s
   Uses
      At line 130 in file gpio.s
Comment: GPIO_PORTJ_AHB_AFSEL_R used once
GPIO_PORTJ_AHB_AMSEL_R 40060528

Symbol: GPIO_PORTJ_AHB_AMSEL_R
   Definitions
      At line 21 in file gpio.s
   Uses
      At line 93 in file gpio.s
Comment: GPIO_PORTJ_AHB_AMSEL_R used once
GPIO_PORTJ_AHB_CR_R 40060524

Symbol: GPIO_PORTJ_AHB_CR_R
   Definitions



ARM Macro Assembler    Page 3 Alphabetic symbol ordering
Absolute symbols

      At line 20 in file gpio.s
   Uses
      None
Comment: GPIO_PORTJ_AHB_CR_R unused
GPIO_PORTJ_AHB_DATA_R 400603FC

Symbol: GPIO_PORTJ_AHB_DATA_R
   Definitions
      At line 27 in file gpio.s
   Uses
      At line 194 in file gpio.s
Comment: GPIO_PORTJ_AHB_DATA_R used once
GPIO_PORTJ_AHB_DEN_R 4006051C

Symbol: GPIO_PORTJ_AHB_DEN_R
   Definitions
      At line 25 in file gpio.s
   Uses
      At line 140 in file gpio.s
Comment: GPIO_PORTJ_AHB_DEN_R used once
GPIO_PORTJ_AHB_DIR_R 40060400

Symbol: GPIO_PORTJ_AHB_DIR_R
   Definitions
      At line 23 in file gpio.s
   Uses
      At line 117 in file gpio.s
Comment: GPIO_PORTJ_AHB_DIR_R used once
GPIO_PORTJ_AHB_LOCK_R 40060520

Symbol: GPIO_PORTJ_AHB_LOCK_R
   Definitions
      At line 19 in file gpio.s
   Uses
      None
Comment: GPIO_PORTJ_AHB_LOCK_R unused
GPIO_PORTJ_AHB_PCTL_R 4006052C

Symbol: GPIO_PORTJ_AHB_PCTL_R
   Definitions
      At line 22 in file gpio.s
   Uses
      At line 104 in file gpio.s
Comment: GPIO_PORTJ_AHB_PCTL_R used once
GPIO_PORTJ_AHB_PUR_R 40060510

Symbol: GPIO_PORTJ_AHB_PUR_R
   Definitions
      At line 26 in file gpio.s
   Uses
      At line 149 in file gpio.s
Comment: GPIO_PORTJ_AHB_PUR_R used once
GPIO_PORTQ 00004000

Symbol: GPIO_PORTQ
   Definitions
      At line 40 in file gpio.s
   Uses
      At line 78 in file gpio.s



ARM Macro Assembler    Page 4 Alphabetic symbol ordering
Absolute symbols

      At line 85 in file gpio.s

GPIO_PORTQ_AFSEL_R 40066420

Symbol: GPIO_PORTQ_AFSEL_R
   Definitions
      At line 36 in file gpio.s
   Uses
      At line 127 in file gpio.s
Comment: GPIO_PORTQ_AFSEL_R used once
GPIO_PORTQ_AMSEL_R 40066528

Symbol: GPIO_PORTQ_AMSEL_R
   Definitions
      At line 33 in file gpio.s
   Uses
      At line 96 in file gpio.s
Comment: GPIO_PORTQ_AMSEL_R used once
GPIO_PORTQ_CR_R 40066524

Symbol: GPIO_PORTQ_CR_R
   Definitions
      At line 32 in file gpio.s
   Uses
      None
Comment: GPIO_PORTQ_CR_R unused
GPIO_PORTQ_DATA_R 400663FC

Symbol: GPIO_PORTQ_DATA_R
   Definitions
      At line 39 in file gpio.s
   Uses
      At line 166 in file gpio.s
Comment: GPIO_PORTQ_DATA_R used once
GPIO_PORTQ_DEN_R 4006651C

Symbol: GPIO_PORTQ_DEN_R
   Definitions
      At line 37 in file gpio.s
   Uses
      At line 136 in file gpio.s
Comment: GPIO_PORTQ_DEN_R used once
GPIO_PORTQ_DIR_R 40066400

Symbol: GPIO_PORTQ_DIR_R
   Definitions
      At line 35 in file gpio.s
   Uses
      At line 113 in file gpio.s
Comment: GPIO_PORTQ_DIR_R used once
GPIO_PORTQ_LOCK_R 40066520

Symbol: GPIO_PORTQ_LOCK_R
   Definitions
      At line 31 in file gpio.s
   Uses
      None
Comment: GPIO_PORTQ_LOCK_R unused
GPIO_PORTQ_PCTL_R 4006652C



ARM Macro Assembler    Page 5 Alphabetic symbol ordering
Absolute symbols


Symbol: GPIO_PORTQ_PCTL_R
   Definitions
      At line 34 in file gpio.s
   Uses
      At line 107 in file gpio.s
Comment: GPIO_PORTQ_PCTL_R used once
GPIO_PORTQ_PUR_R 40066510

Symbol: GPIO_PORTQ_PUR_R
   Definitions
      At line 38 in file gpio.s
   Uses
      None
Comment: GPIO_PORTQ_PUR_R unused
SYSCTL_PRGPIO_R 400FEA08

Symbol: SYSCTL_PRGPIO_R
   Definitions
      At line 15 in file gpio.s
   Uses
      At line 83 in file gpio.s
Comment: SYSCTL_PRGPIO_R used once
SYSCTL_RCGCGPIO_R 400FE608

Symbol: SYSCTL_RCGCGPIO_R
   Definitions
      At line 14 in file gpio.s
   Uses
      At line 77 in file gpio.s
Comment: SYSCTL_RCGCGPIO_R used once
33 symbols
375 symbols in table
